Fri Mar 09 14:32:19 CET 2018 : Apache Derby Network Server - 10.11.1.2 - (1629631) démarré et prêt à accepter les connexions sur le port 1527
----------------------------------------------------------------
Fri Mar 09 14:33:04 CET 2018:
Amorçage de Derby version The Apache Software Foundation - Apache Derby - 10.11.1.2 - (1629631) : instance a816c00e-0162-0af6-5863-0000675448db 
dans le répertoire de base de données C:\Users\cetienne\TPDASI\PROACTIF_db avec le chargeur de classe sun.misc.Launcher$AppClassLoader@1d44bcfa
Chargé de file:/C:/Program%20Files/Java/jdk1.8.0_101/db/lib/derby.jar
java.vendor=Oracle Corporation
java.runtime.version=1.8.0_101-b13
user.dir=C:\Program Files\Java\jdk1.8.0_101\db
os.name=Windows 7
os.arch=amd64
os.version=6.1
derby.system.home=C:\Users\cetienne\TPDASI
Chargeur de classe de la base de données démarré - derby.database.classpath = ''
----------------------------------------------------------------
Fri Mar 09 14:33:08 CET 2018:
Fermeture de l'instance a816c00e-0162-0af6-5863-0000675448db sur le répertoire de base de données C:\Users\cetienne\TPDASI\PROACTIF_db avec le chargeur de classe sun.misc.Launcher$AppClassLoader@1d44bcfa 
Fri Mar 09 14:33:08 CET 2018 Thread[DRDAConnThread_2,5,main] (DATABASE = PROACTIF_db), (DRDAID = {2}), Arrêt de la base de données 'PROACTIF_db'.
----------------------------------------------------------------
Fri Mar 09 14:33:31 CET 2018:
Amorçage de Derby version The Apache Software Foundation - Apache Derby - 10.11.1.2 - (1629631) : instance a65c80ac-0162-0af6-5863-0000675448db 
dans le répertoire de base de données C:\Users\cetienne\TPDASI\PROACTIF_db avec le chargeur de classe sun.misc.Launcher$AppClassLoader@1d44bcfa
Chargé de file:/C:/Program%20Files/Java/jdk1.8.0_101/db/lib/derby.jar
java.vendor=Oracle Corporation
java.runtime.version=1.8.0_101-b13
user.dir=C:\Program Files\Java\jdk1.8.0_101\db
os.name=Windows 7
os.arch=amd64
os.version=6.1
derby.system.home=C:\Users\cetienne\TPDASI
Chargeur de classe de la base de données démarré - derby.database.classpath = ''
----------------------------------------------------------------
Fri Mar 09 17:58:43 CET 2018 : fermeture du moteur Derby
